<?xml version="1.0" encoding="UTF-8"?>
<testng-results ignored="0" total="1" passed="1" failed="0" skipped="0">
  <reporter-output>
  </reporter-output>
  <suite started-at="2024-09-05T04:37:12 PDT" name="Default suite" finished-at="2024-09-05T04:37:18 PDT" duration-ms="6007">
    <groups>
    </groups>
    <test started-at="2024-09-05T04:37:12 PDT" name="Default test" finished-at="2024-09-05T04:37:18 PDT" duration-ms="6007">
      <class name="testng.Draganddrop">
        <test-method is-config="true" signature="setup()[pri:0, instance:testng.Draganddrop@d86a6f]" started-at="2024-09-05T04:37:12 PDT" name="setup" finished-at="2024-09-05T04:37:18 PDT" duration-ms="5613" status="PASS">
          <reporter-output>
          </reporter-output>
        </test-method> <!-- setup -->
        <test-method signature="test()[pri:0, instance:testng.Draganddrop@d86a6f]" started-at="2024-09-05T04:37:18 PDT" name="test" finished-at="2024-09-05T04:37:18 PDT" duration-ms="344" status="PASS">
          <reporter-output>
          </reporter-output>
        </test-method> <!-- test -->
      </class> <!-- testng.Draganddrop -->
    </test> <!-- Default test -->
  </suite> <!-- Default suite -->
</testng-results>
